\BOOKMARK [1][-]{section.1}{Introduction}{}% 1
\BOOKMARK [2][-]{subsection.1.1}{Objectives}{section.1}% 2
\BOOKMARK [2][-]{subsection.1.2}{Background}{section.1}% 3
\BOOKMARK [3][-]{subsubsection.1.2.1}{Continuous Integration}{subsection.1.2}% 4
\BOOKMARK [3][-]{subsubsection.1.2.2}{Continuous Delivery}{subsection.1.2}% 5
\BOOKMARK [3][-]{subsubsection.1.2.3}{Continuous Deployment}{subsection.1.2}% 6
\BOOKMARK [1][-]{section.2}{Tools and Services}{}% 7
\BOOKMARK [2][-]{subsection.2.1}{Jenkins}{section.2}% 8
\BOOKMARK [2][-]{subsection.2.2}{ECS}{section.2}% 9
\BOOKMARK [2][-]{subsection.2.3}{IAM}{section.2}% 10
\BOOKMARK [1][-]{section.3}{Practical}{}% 11
\BOOKMARK [2][-]{subsection.3.1}{Creating the The App}{section.3}% 12
\BOOKMARK [2][-]{subsection.3.2}{Initial AWS setup}{section.3}% 13
\BOOKMARK [3][-]{subsubsection.3.2.1}{IAM Resources}{subsection.3.2}% 14
\BOOKMARK [3][-]{subsubsection.3.2.2}{ECS Cluster}{subsection.3.2}% 15
\BOOKMARK [3][-]{subsubsection.3.2.3}{EC2 Instance}{subsection.3.2}% 16
\BOOKMARK [3][-]{subsubsection.3.2.4}{Task Definition}{subsection.3.2}% 17
\BOOKMARK [3][-]{subsubsection.3.2.5}{Service}{subsection.3.2}% 18
\BOOKMARK [2][-]{subsection.3.3}{Jenkins Setup}{section.3}% 19
\BOOKMARK [3][-]{subsubsection.3.3.1}{Jenkins Plugins}{subsection.3.3}% 20
\BOOKMARK [2][-]{subsection.3.4}{Jenkins Job}{section.3}% 21
\BOOKMARK [3][-]{subsubsection.3.4.1}{Cloning the Source Code}{subsection.3.4}% 22
\BOOKMARK [3][-]{subsubsection.3.4.2}{Build and Push Image}{subsection.3.4}% 23
\BOOKMARK [3][-]{subsubsection.3.4.3}{Shell Script}{subsection.3.4}% 24
\BOOKMARK [1][-]{section.4}{Running the Job}{}% 25
\BOOKMARK [1][-]{section.5}{Conclusion}{}% 26
\BOOKMARK [1][-]{section.6}{Bibliography}{}% 27
\BOOKMARK [1][-]{Appendix.1.A}{Repos}{}% 28
\BOOKMARK [1][-]{Appendix.1.B}{install-jenkins.py}{}% 29
